[debug] [2023-03-23T11:59:09.751Z] ----------------------------------------------------------------------
[debug] [2023-03-23T11:59:09.754Z] Command:       C:\Program Files\nodejs\node.exe C:\Users\HP\AppData\Roaming\npm\node_modules\firebase-tools\lib\bin\firebase.js init
[debug] [2023-03-23T11:59:09.755Z] CLI Version:   11.25.1
[debug] [2023-03-23T11:59:09.755Z] Platform:      win32
[debug] [2023-03-23T11:59:09.755Z] Node Version:  v16.14.0
[debug] [2023-03-23T11:59:09.757Z] Time:          Thu Mar 23 2023 12:59:09 GMT+0100 (West Africa Standard Time)
[debug] [2023-03-23T11:59:09.757Z] ----------------------------------------------------------------------
[debug] 
[debug] [2023-03-23T11:59:09.763Z] >>> [apiv2][query] GET https://firebase-public.firebaseio.com/cli.json [none]
[debug] [2023-03-23T11:59:09.798Z] > command requires scopes: ["email","openid","https://www.googleapis.com/auth/cloudplatformprojects.readonly","https://www.googleapis.com/auth/firebase","https://www.googleapis.com/auth/cloud-platform"]
[debug] [2023-03-23T11:59:09.800Z] > authorizing via signed-in user (nsdavenorth@gmail.com)
[info] 
     ######## #### ########  ######## ########     ###     ######  ########
     ##        ##  ##     ## ##       ##     ##  ##   ##  ##       ##
     ######    ##  ########  ######   ########  #########  ######  ######
     ##        ##  ##    ##  ##       ##     ## ##     ##       ## ##
     ##       #### ##     ## ######## ########  ##     ##  ######  ########

You're about to initialize a Firebase project in this directory:

  C:\Users\HP\Documents\CX\main\Sub\starbucks-clone

[warn] !  Unable to fetch the CLI MOTD and remote config. 
[debug] [2023-03-23T11:59:09.851Z] Failed to fetch MOTD FirebaseError: Failed to make request to https://firebase-public.firebaseio.com/cli.json
